[    0.000000] Linux version 4.15.0-187-generic (buildd@lcy02-amd64-046) (gcc version 7.5.0 (Ubuntu 7.5.0-3ubuntu1~18.04)) #198-Ubuntu SMP Tue Jun 14 03:23:51 UTC 2022 (Ubuntu 4.15.0-187.198-generic 4.15.18)
[    0.000000] Command line: BOOT_IMAGE=/boot/vmlinuz-4.15.0-187-generic root=LABEL=cloudimg-rootfs ro console=tty1 console=ttyS0
[    0.000000] KERNEL supported cpus:
[    0.000000]   Intel GenuineIntel
[    0.000000]   AMD AuthenticAMD
[    0.000000]   Centaur CentaurHauls
[    0.000000] x86/fpu: x87 FPU will use FXSAVE
[    0.000000] e820: BIOS-provided physical RAM map:
[    0.000000] BIOS-e820: [mem 0x0000000000000000-0x000000000009fbff] usable
[    0.000000] BIOS-e820: [mem 0x000000000009fc00-0x000000000009ffff] reserved
[    0.000000] BIOS-e820: [mem 0x00000000000f0000-0x00000000000fffff] reserved
[    0.000000] BIOS-e820: [mem 0x0000000000100000-0x000000003ffeffff] usable
[    0.000000] BIOS-e820: [mem 0x000000003fff0000-0x000000003fffffff] ACPI data
[    0.000000] BIOS-e820: [mem 0x00000000fec00000-0x00000000fec00fff] reserved
[    0.000000] BIOS-e820: [mem 0x00000000fee00000-0x00000000fee00fff] reserved
[    0.000000] BIOS-e820: [mem 0x00000000fffc0000-0x00000000ffffffff] reserved
[    0.000000] NX (Execute Disable) protection: active
[    0.000000] SMBIOS 2.5 present.
[    0.000000] DMI: innotek GmbH VirtualBox/VirtualBox, BIOS VirtualBox 12/01/2006
[    0.000000] Hypervisor detected: KVM
[    0.000000] e820: last_pfn = 0x3fff0 max_arch_pfn = 0x400000000
[    0.000000] MTRR: Disabled
[    0.000000] x86/PAT: MTRRs disabled, skipping PAT initialization too.
[    0.000000] CPU MTRRs all blank - virtualized system.
[    0.000000] x86/PAT: Configuration [0-7]: WB  WT  UC- UC  WB  WT  UC- UC  
[    0.000000] found SMP MP-table at [mem 0x0009fff0-0x0009ffff]
[    0.000000] Scanning 1 areas for low memory corruption
[    0.000000] RAMDISK: [mem 0x359c9000-0x36cdbfff]
[    0.000000] ACPI: Early table checksum verification disabled
[    0.000000] ACPI: RSDP 0x00000000000E0000 000024 (v02 VBOX  )
[    0.000000] ACPI: XSDT 0x000000003FFF0030 00003C (v01 VBOX   VBOXXSDT 00000001 ASL  00000061)
[    0.000000] ACPI: FACP 0x000000003FFF00F0 0000F4 (v04 VBOX   VBOXFACP 00000001 ASL  00000061)
[    0.000000] ACPI: DSDT 0x000000003FFF0470 002325 (v02 VBOX   VBOXBIOS 00000002 INTL 20100528)
[    0.000000] ACPI: FACS 0x000000003FFF0200 000040
[    0.000000] ACPI: FACS 0x000000003FFF0200 000040
[    0.000000] ACPI: APIC 0x000000003FFF0240 00005C (v02 VBOX   VBOXAPIC 00000001 ASL  00000061)
[    0.000000] ACPI: SSDT 0x000000003FFF02A0 0001CC (v01 VBOX   VBOXCPUT 00000002 INTL 20100528)
[    0.000000] ACPI: Reserving FACP table memory at [mem 0x3fff00f0-0x3fff01e3]
[    0.000000] ACPI: Reserving DSDT table memory at [mem 0x3fff0470-0x3fff2794]
[    0.000000] ACPI: Reserving FACS table memory at [mem 0x3fff0200-0x3fff023f]
[    0.000000] ACPI: Reserving FACS table memory at [mem 0x3fff0200-0x3fff023f]
[    0.000000] ACPI: Reserving APIC table memory at [mem 0x3fff0240-0x3fff029b]
[    0.000000] ACPI: Reserving SSDT table memory at [mem 0x3fff02a0-0x3fff046b]
[    0.000000] No NUMA configuration found
[    0.000000] Faking a node at [mem 0x0000000000000000-0x000000003ffeffff]
[    0.000000] NODE_DATA(0) allocated [mem 0x3ffc5000-0x3ffeffff]
[    0.000000] kvm-clock: cpu 0, msr 0:3ff44001, primary cpu clock
[    0.000000] kvm-clock: Using msrs 4b564d01 and 4b564d00
[    0.000000] kvm-clock: using sched offset of 4800148951 cycles
[    0.000000] clocksource: kvm-clock: mask: 0xffffffffffffffff max_cycles: 0x1cd42e4dffb, max_idle_ns: 881590591483 ns
[    0.000000] Zone ranges:
[    0.000000]   DMA      [mem 0x0000000000001000-0x0000000000ffffff]
[    0.000000]   DMA32    [mem 0x0000000001000000-0x000000003ffeffff]
[    0.000000]   Normal   empty
[    0.000000]   Device   empty
[    0.000000] Movable zone start for each node
[    0.000000] Early memory node ranges
[    0.000000]   node   0: [mem 0x0000000000001000-0x000000000009efff]
[    0.000000]   node   0: [mem 0x0000000000100000-0x000000003ffeffff]
[    0.000000] Reserved but unavailable: 104 pages
[    0.000000] Initmem setup node 0 [mem 0x0000000000001000-0x000000003ffeffff]
[    0.000000] ACPI: PM-Timer IO Port: 0x4008
[    0.000000] IOAPIC[0]: apic_id 2, version 32, address 0xfec00000, GSI 0-23
[    0.000000] ACPI: INT_SRC_OVR (bus 0 bus_irq 0 global_irq 2 dfl dfl)
[    0.000000] ACPI: INT_SRC_OVR (bus 0 bus_irq 9 global_irq 9 low level)
[    0.000000] Using ACPI (MADT) for SMP configuration information
[    0.000000] smpboot: Allowing 2 CPUs, 0 hotplug CPUs
[    0.000000] PM: Registered nosave memory: [mem 0x00000000-0x00000fff]
[    0.000000] PM: Registered nosave memory: [mem 0x0009f000-0x0009ffff]
[    0.000000] PM: Registered nosave memory: [mem 0x000a0000-0x000effff]
[    0.000000] PM: Registered nosave memory: [mem 0x000f0000-0x000fffff]
[    0.000000] e820: [mem 0x40000000-0xfebfffff] available for PCI devices
[    0.000000] Booting paravirtualized kernel on KVM
[    0.000000] clocksource: refined-jiffies: mask: 0xffffffff max_cycles: 0xffffffff, max_idle_ns: 7645519600211568 ns
[    0.000000] random: get_random_bytes called from start_kernel+0x99/0x500 with crng_init=0
[    0.000000] setup_percpu: NR_CPUS:8192 nr_cpumask_bits:2 nr_cpu_ids:2 nr_node_ids:1
[    0.000000] percpu: Embedded 50 pages/cpu s167936 r8192 d28672 u1048576
[    0.000000] PV qspinlock hash table entries: 256 (order: 0, 4096 bytes)
[    0.000000] Built 1 zonelists, mobility grouping on.  Total pages: 257913
[    0.000000] Policy zone: DMA32
[    0.000000] Kernel command line: BOOT_IMAGE=/boot/vmlinuz-4.15.0-187-generic root=LABEL=cloudimg-rootfs ro console=tty1 console=ttyS0
[    0.000000] Memory: 982644K/1048120K available (12300K kernel code, 2484K rwdata, 4324K rodata, 2468K init, 2724K bss, 65476K reserved, 0K cma-reserved)
[    0.000000] SLUB: HWalign=64, Order=0-3, MinObjects=0, CPUs=2, Nodes=1
[    0.000000] ftrace: allocating 39513 entries in 155 pages
[    0.004000] Hierarchical RCU implementation.
[    0.004000] 	RCU restricting CPUs from NR_CPUS=8192 to nr_cpu_ids=2.
[    0.004000] 	Tasks RCU enabled.
[    0.004000] RCU: Adjusting geometry for rcu_fanout_leaf=16, nr_cpu_ids=2
[    0.004000] NR_IRQS: 524544, nr_irqs: 440, preallocated irqs: 16
[    0.004000] Console: colour VGA+ 80x25
[    0.004000] console [tty1] enabled
[    0.004000] console [ttyS0] enabled
[    0.004000] ACPI: Core revision 20170831
[    0.004000] ACPI: 2 ACPI AML tables successfully acquired and loaded
[    0.004000] APIC: Switch to symmetric I/O mode setup
[    0.008000] ..TIMER: vector=0x30 apic1=0 pin1=2 apic2=-1 pin2=-1
[    0.008005] tsc: Detected 1800.006 MHz processor
[    0.012011] Calibrating delay loop (skipped) preset value.. 3600.01 BogoMIPS (lpj=7200024)
[    0.016003] pid_max: default: 32768 minimum: 301
[    0.020070] Security Framework initialized
[    0.023554] Yama: becoming mindful.
[    0.024103] AppArmor: AppArmor initialized
[    0.036657] Dentry cache hash table entries: 131072 (order: 8, 1048576 bytes)
[    0.045567] Inode-cache hash table entries: 65536 (order: 7, 524288 bytes)
[    0.048136] Mount-cache hash table entries: 2048 (order: 2, 16384 bytes)
[    0.052063] Mountpoint-cache hash table entries: 2048 (order: 2, 16384 bytes)
[    0.060878] Last level iTLB entries: 4KB 64, 2MB 8, 4MB 8
[    0.064007] Last level dTLB entries: 4KB 64, 2MB 0, 4MB 0, 1GB 4
[    0.068006] Spectre V1 : Mitigation: usercopy/swapgs barriers and __user pointer sanitization
[    0.072006] Spectre V2 : Mitigation: Enhanced IBRS
[    0.076007] Spectre V2 : Spectre v2 / SpectreRSB mitigation: Filling RSB on context switch
[    0.080005] Speculative Store Bypass: Vulnerable
[    0.084055] MMIO Stale Data: Vulnerable: Clear CPU buffers attempted, no microcode
[    0.088164] Freeing SMP alternatives memory: 36K
[    0.206321] smpboot: CPU0: Intel(R) Core(TM) i5-8265U CPU @ 1.60GHz (family: 0x6, model: 0x8e, stepping: 0xc)
[    0.208465] Performance Events: unsupported p6 CPU model 142 no PMU driver, software events only.
[    0.212119] Hierarchical SRCU implementation.
[    0.220430] NMI watchdog: Perf event create on CPU 0 failed with -2
[    0.224002] NMI watchdog: Perf NMI watchdog permanently disabled
[    0.228284] smp: Bringing up secondary CPUs ...
[    0.236165] x86: Booting SMP configuration:
[    0.240002] .... node  #0, CPUs:      #1
[    0.004000] kvm-clock: cpu 1, msr 0:3ff44041, secondary cpu clock
[    0.251248] TSC synchronization [CPU#0 -> CPU#1]:
[    0.252000] Measured 70688 cycles TSC warp between CPUs, turning off TSC clock.
[    0.252000] tsc: Marking TSC unstable due to check_tsc_sync_source failed
[    0.252238] smp: Brought up 1 node, 2 CPUs
[    0.256006] smpboot: Max logical packages: 1
[    0.260003] smpboot: Total of 2 processors activated (7200.02 BogoMIPS)
[    0.268259] devtmpfs: initialized
[    0.272113] x86/mm: Memory block size: 128MB
[    0.275782] evm: security.selinux
[    0.276005] evm: security.SMACK64
[    0.278463] evm: security.SMACK64EXEC
[    0.280003] evm: security.SMACK64TRANSMUTE
[    0.284003] evm: security.SMACK64MMAP
[    0.286696] evm: security.apparmor
[    0.288002] evm: security.ima
[    0.292002] evm: security.capability
[    0.296434] clocksource: jiffies: mask: 0xffffffff max_cycles: 0xffffffff, max_idle_ns: 7645041785100000 ns
[    0.300010] futex hash table entries: 512 (order: 3, 32768 bytes)
[    0.304210] pinctrl core: initialized pinctrl subsystem
[    0.308515] RTC time:  6:36:18, date: 09/20/23
[    0.316967] NET: Registered protocol family 16
[    0.320111] audit: initializing netlink subsys (disabled)
[    0.324193] audit: type=2000 audit(1695191784.220:1): state=initialized audit_enabled=0 res=1
[    0.332020] cpuidle: using governor ladder
[    0.336007] cpuidle: using governor menu
[    0.340073] ACPI: bus type PCI registered
[    0.344004] acpiphp: ACPI Hot Plug PCI Controller Driver version: 0.5
[    0.348540] PCI: Using configuration type 1 for base access
[    0.356501] HugeTLB registered 2.00 MiB page size, pre-allocated 0 pages
[    0.364537] ACPI: Added _OSI(Module Device)
[    0.368016] ACPI: Added _OSI(Processor Device)
[    0.372010] ACPI: Added _OSI(3.0 _SCP Extensions)
[    0.376003] ACPI: Added _OSI(Processor Aggregator Device)
[    0.380025] ACPI: Added _OSI(Linux-Dell-Video)
[    0.384004] ACPI: Added _OSI(Linux-Lenovo-NV-HDMI-Audio)
[    0.388004] ACPI: Added _OSI(Linux-HPI-Hybrid-Graphics)
[    0.392794] ACPI: Executed 1 blocks of module-level executable AML code
[    0.403615] ACPI: Interpreter enabled
[    0.404014] ACPI: (supports S0 S5)
[    0.408003] ACPI: Using IOAPIC for interrupt routing
[    0.412394] PCI: Using host bridge windows from ACPI; if necessary, use "pci=nocrs" and report a bug
[    0.416299] ACPI: Enabled 2 GPEs in block 00 to 07
[    0.429955] ACPI: PCI Root Bridge [PCI0] (domain 0000 [bus 00-ff])
[    0.432007] acpi PNP0A03:00: _OSC: OS supports [ASPM ClockPM Segments MSI]
[    0.436778] acpi PNP0A03:00: _OSC: not requesting OS control; OS requires [ExtendedConfig ASPM ClockPM MSI]
[    0.440017] acpi PNP0A03:00: fail to add MMCONFIG information, can't access extended PCI configuration space under this bridge.
[    0.444720] PCI host bridge to bus 0000:00
[    0.448004] pci_bus 0000:00: root bus resource [io  0x0000-0x0cf7 window]
[    0.452004] pci_bus 0000:00: root bus resource [io  0x0d00-0xffff window]
[    0.456003] pci_bus 0000:00: root bus resource [mem 0x000a0000-0x000bffff window]
[    0.460003] pci_bus 0000:00: root bus resource [mem 0x40000000-0xfdffffff window]
[    0.464008] pci_bus 0000:00: root bus resource [bus 00-ff]
[    0.474487] pci 0000:00:01.1: legacy IDE quirk: reg 0x10: [io  0x01f0-0x01f7]
[    0.476003] pci 0000:00:01.1: legacy IDE quirk: reg 0x14: [io  0x03f6]
[    0.480003] pci 0000:00:01.1: legacy IDE quirk: reg 0x18: [io  0x0170-0x0177]
[    0.484008] pci 0000:00:01.1: legacy IDE quirk: reg 0x1c: [io  0x0376]
[    0.565154] pci 0000:00:07.0: quirk: [io  0x4000-0x403f] claimed by PIIX4 ACPI
[    0.576034] pci 0000:00:07.0: quirk: [io  0x4100-0x410f] claimed by PIIX4 SMB
[    0.597606] ACPI: PCI Interrupt Link [LNKA] (IRQs 5 9 10 *11)
[    0.608450] ACPI: PCI Interrupt Link [LNKB] (IRQs 5 9 *10 11)
[    0.616196] ACPI: PCI Interrupt Link [LNKC] (IRQs 5 *9 10 11)
[    0.624192] ACPI: PCI Interrupt Link [LNKD] (IRQs 5 9 10 *11)
[    0.636298] SCSI subsystem initialized
[    0.644298] pci 0000:00:02.0: vgaarb: setting as boot VGA device
[    0.648000] pci 0000:00:02.0: vgaarb: VGA device added: decodes=io+mem,owns=io+mem,locks=none
[    0.664008] pci 0000:00:02.0: vgaarb: bridge control possible
[    0.672004] vgaarb: loaded
[    0.680070] ACPI: bus type USB registered
[    0.684038] usbcore: registered new interface driver usbfs
[    0.692012] usbcore: registered new interface driver hub
[    0.700012] usbcore: registered new device driver usb
[    0.708140] EDAC MC: Ver: 3.0.0
[    0.720040] PCI: Using ACPI for IRQ routing
[    0.728267] NetLabel: Initializing
[    0.732002] NetLabel:  domain hash size = 128
[    0.740003] NetLabel:  protocols = UNLABELED CIPSOv4 CALIPSO
[    0.748017] NetLabel:  unlabeled traffic allowed by default
[    0.756260] clocksource: Switched to clocksource kvm-clock
[    0.809879] VFS: Disk quotas dquot_6.6.0
[    0.813867] VFS: Dquot-cache hash table entries: 512 (order 0, 4096 bytes)
[    0.819951] AppArmor: AppArmor Filesystem Enabled
[    0.824501] pnp: PnP ACPI init
[    0.828840] pnp: PnP ACPI: found 3 devices
[    0.840385] clocksource: acpi_pm: mask: 0xffffff max_cycles: 0xffffff, max_idle_ns: 2085701024 ns
[    0.847667] NET: Registered protocol family 2
[    0.852600] IP idents hash table entries: 16384 (order: 5, 131072 bytes)
[    0.858607] TCP established hash table entries: 8192 (order: 4, 65536 bytes)
[    0.864890] TCP bind hash table entries: 8192 (order: 5, 131072 bytes)
[    0.873863] TCP: Hash tables configured (established 8192 bind 8192)
[    0.880189] UDP hash table entries: 512 (order: 2, 16384 bytes)
[    0.885444] UDP-Lite hash table entries: 512 (order: 2, 16384 bytes)
[    0.890767] NET: Registered protocol family 1
[    0.894608] pci 0000:00:00.0: Limiting direct PCI/PCI transfers
[    0.899440] pci 0000:00:01.0: Activating ISA DMA hang workarounds
[    0.904571] pci 0000:00:02.0: Video device with shadowed ROM at [mem 0x000c0000-0x000dffff]
[    0.911369] Unpacking initramfs...
[    1.456083] Freeing initrd memory: 19532K
[    1.460662] clocksource: tsc: mask: 0xffffffffffffffff max_cycles: 0x19f22f68897, max_idle_ns: 440795282550 ns
[    1.468203] platform rtc_cmos: registered platform RTC device (no PNP device found)
[    1.474629] Scanning for low memory corruption every 60 seconds
[    1.481867] Initialise system trusted keyrings
[    1.486321] Key type blacklist registered
[    1.490280] workingset: timestamp_bits=36 max_order=18 bucket_order=0
[    1.497353] zbud: loaded
[    1.501347] squashfs: version 4.0 (2009/01/31) Phillip Lougher
[    1.506702] fuse init (API version 7.26)
[    1.527537] Key type asymmetric registered
[    1.531718] Asymmetric key parser 'x509' registered
[    1.535996] Block layer SCSI generic (bsg) driver version 0.4 loaded (major 246)
[    1.542870] io scheduler noop registered
[    1.546902] io scheduler deadline registered
[    1.550624] io scheduler cfq registered (default)
[    1.555172] ACPI: AC Adapter [AC] (on-line)
[    1.559314] input: Power Button as /devices/LNXSYSTM:00/LNXPWRBN:00/input/input0
[    1.565656] ACPI: Power Button [PWRF]
[    1.569603] input: Sleep Button as /devices/LNXSYSTM:00/LNXSLPBN:00/input/input1
[    1.575866] ACPI: Sleep Button [SLPF]
[    1.580493] Serial: 8250/16550 driver, 32 ports, IRQ sharing enabled
[    1.582044] ACPI: Battery Slot [BAT0] (battery present)
[    1.617267] 00:02: ttyS0 at I/O 0x3f8 (irq = 4, base_baud = 115200) is a 16550A
[    1.625413] Linux agpgart interface v0.103
[    1.631558] loop: module loaded
[    1.636879] scsi host0: ata_piix
[    1.641050] scsi host1: ata_piix
[    1.644559] ata1: PATA max UDMA/33 cmd 0x1f0 ctl 0x3f6 bmdma 0xd000 irq 14
[    1.679497] ata2: PATA max UDMA/33 cmd 0x170 ctl 0x376 bmdma 0xd008 irq 15
[    1.685263] tun: Universal TUN/TAP device driver, 1.6
[    1.689954] PPP generic driver version 2.4.2
[    1.693625] ehci_hcd: USB 2.0 'Enhanced' Host Controller (EHCI) Driver
[    1.698813] ehci-pci: EHCI PCI platform driver
[    1.703176] ehci-platform: EHCI generic platform driver
[    1.707511] ohci_hcd: USB 1.1 'Open' Host Controller (OHCI) Driver
[    1.712498] ohci-pci: OHCI PCI platform driver
[    1.716464] ohci-platform: OHCI generic platform driver
[    1.720675] uhci_hcd: USB Universal Host Controller Interface driver
[    1.725901] i8042: PNP: PS/2 Controller [PNP0303:PS2K,PNP0f03:PS2M] at 0x60,0x64 irq 1,12
[    1.735118] serio: i8042 KBD port at 0x60,0x64 irq 1
[    1.739821] serio: i8042 AUX port at 0x60,0x64 irq 12
[    1.744252] mousedev: PS/2 mouse device common for all mice
[    1.749927] input: AT Translated Set 2 keyboard as /devices/platform/i8042/serio0/input/input2
[    1.759269] rtc_cmos rtc_cmos: rtc core: registered rtc_cmos as rtc0
[    1.765156] rtc_cmos rtc_cmos: alarms up to one day, 114 bytes nvram
[    1.770427] i2c /dev entries driver
[    1.773418] device-mapper: uevent: version 1.0.3
[    1.777418] device-mapper: ioctl: 4.37.0-ioctl (2017-09-20) initialised: dm-devel@redhat.com
[    1.784187] ledtrig-cpu: registered to indicate activity on CPUs
[    1.791705] NET: Registered protocol family 10
[    1.803565] Segment Routing with IPv6
[    1.807392] NET: Registered protocol family 17
[    1.811216] Key type dns_resolver registered
[    1.815800] mce: Using 0 MCE banks
[    1.819015] RAS: Correctable Errors collector initialized.
[    1.823023] sched_clock: Marking stable (1822982038, 0)->(2459418903, -636436865)
[    1.833240] registered taskstats version 1
[    1.837042] Loading compiled-in X.509 certificates
[    1.895463] Loaded X.509 cert 'Build time autogenerated kernel key: 979a73de01c113c656ad15d85e66cc9cfc8996b6'
[    1.903922] Loaded X.509 cert 'Canonical Ltd. Live Patch Signing: 14df34d1a87cf37625abec039ef2bf521249b969'
[    1.912122] Loaded X.509 cert 'Canonical Ltd. Kernel Module Signing: 88f752e560a1e0737e31163a466ad7b70a850c19'
[    1.920240] blacklist: Loading compiled-in revocation X.509 certificates
[    1.925787] Loaded X.509 cert 'Canonical Ltd. Secure Boot Signing: 61482aa2830d0ab2ad5af10b7250da9033ddcef0'
[    1.933390] zswap: loaded using pool lzo/zbud
[    1.948301] Key type big_key registered
[    1.951722] Key type trusted registered
[    1.958544] Key type encrypted registered
[    1.962199] AppArmor: AppArmor sha1 policy hashing enabled
[    1.966304] ima: No TPM chip found, activating TPM-bypass! (rc=-19)
[    1.971182] ima: Allocated hash algorithm: sha1
[    1.975138] evm: HMAC attrs: 0x1
[    1.978168]   Magic number: 7:736:620
[    1.981930] rtc_cmos rtc_cmos: setting system clock to 2023-09-20 06:36:20 UTC (1695191780)
[    1.988541] BIOS EDD facility v0.16 2004-Jun-25, 0 devices found
[    1.994007] EDD information not available.
[    2.001646] Freeing unused kernel image memory: 2468K
[    2.012351] Write protecting the kernel read-only data: 20480k
[    2.018964] Freeing unused kernel image memory: 2008K
[    2.023894] Freeing unused kernel image memory: 1820K
[    2.035149] x86/mm: Checked W+X mappings: passed, no W+X pages found.
Loading, please wait...
starting version 237
[    2.122365] Fusion MPT base driver 3.04.20
[    2.126866] Copyright (c) 1999-2008 LSI Corporation
[    2.137049] e1000: Intel(R) PRO/1000 Network Driver - version 7.3.21-k8-NAPI
[    2.143398] e1000: Copyright (c) 1999-2006 Intel Corporation.
[    2.176772] Fusion MPT SPI Host driver 3.04.20
[    2.731875] input: ImExPS/2 Generic Explorer Mouse as /devices/platform/i8042/serio1/input/input4
[    2.759948] e1000 0000:00:03.0 eth0: (PCI:33MHz:32-bit) 02:77:ed:63:d5:e3
[    2.765661] e1000 0000:00:03.0 eth0: Intel(R) PRO/1000 Network Connection
[    2.772759] mptbase: ioc0: Initiating bringup
[    2.774064] e1000 0000:00:03.0 enp0s3: renamed from eth0
[    2.899784] ioc0: LSI53C1030 A0: Capabilities={Initiator}
[    4.814971] scsi host2: ioc0: LSI53C1030 A0, FwRev=00000000h, Ports=1, MaxQ=256, IRQ=20
[    5.737694] scsi 2:0:0:0: Direct-Access     VBOX     HARDDISK         1.0  PQ: 0 ANSI: 5
[    6.407019] scsi target2:0:0: Beginning Domain Validation
[    6.419188] scsi target2:0:0: Domain Validation skipping write tests
[    6.424716] scsi target2:0:0: Ending Domain Validation
[    6.428948] scsi target2:0:0: asynchronous
[    6.434121] random: fast init done
[    6.437236] scsi 2:0:1:0: Direct-Access     VBOX     HARDDISK         1.0  PQ: 0 ANSI: 5
[    7.645988] scsi target2:0:1: Beginning Domain Validation
[    7.657749] scsi target2:0:1: Domain Validation skipping write tests
[    7.662884] scsi target2:0:1: Ending Domain Validation
[    7.667777] scsi target2:0:1: asynchronous
[    7.681994] random: systemd-udevd: uninitialized urandom read (16 bytes read)
[    7.687660] random: systemd-udevd: uninitialized urandom read (16 bytes read)
[    7.693263] random: systemd-udevd: uninitialized urandom read (16 bytes read)
[    7.700829] sd 2:0:0:0: Attached scsi generic sg0 type 0
[    7.705266] sd 2:0:0:0: [sda] 83886080 512-byte logical blocks: (42.9 GB/40.0 GiB)
[    7.714306] sd 2:0:0:0: [sda] Write Protect is off
[    7.714999] sd 2:0:1:0: [sdb] 20480 512-byte logical blocks: (10.5 MB/10.0 MiB)
[    7.720513] sd 2:0:1:0: Attached scsi generic sg1 type 0
[    7.728547] sd 2:0:1:0: [sdb] Write Protect is off
[    7.738049] sd 2:0:0:0: [sda] Incomplete mode parameter data
[    7.743394] sd 2:0:0:0: [sda] Assuming drive cache: write through
[    7.743933] sd 2:0:1:0: [sdb] Incomplete mode parameter data
[    7.753419] sd 2:0:1:0: [sdb] Assuming drive cache: write through
[    7.774650]  sda: sda1
[    7.779953] sd 2:0:1:0: [sdb] Attached SCSI disk
[    7.785874] sd 2:0:0:0: [sda] Attached SCSI disk
Begin: Loading essential drivers ... 